eeschema (2013-07-07 BZR 4022)-stable  >> Creation date: 05.01.2016 20:51:28
#Cmp ( order = Reference )
| C1         22uF        
| C2         100nF       
| C3         100nF       
| C4         100nF       
| C5         100nF       
| C6         100nF       
| C7         10uF        
| C8         100nF       
| C9         100nF       
| D1         1N4148      
| D2         1N4001      
| D3         LED         
| J1         DB25        
| J2         C24H        
| JP1        BREAKER     
| JP2        BREAKER     
| JP3        BREAKER     
| JP4        BREAKER     
| K1         DC_JACK     
| R1         10k         
| R2         560R        
| R3         10k         
| R4         10k         
| R5         10k         
| R6         10k         
| R7         10k         
| R8         10k         
| R9         10k         
| R10        10k         
| R11        10k         
| SW1        Coded_Switch
| U1         74LS11      
| U2         27512       
| U3         74LS06      
| U4         74LS273     
| U5         7805        
#End Cmp

#Komponenten ( Sortiert nach Wert )
| 100nF        C2        
| 100nF        C3        
| 100nF        C4        
| 100nF        C5        
| 100nF        C6        
| 100nF        C8        
| 100nF        C9        
| 10uF         C7        
| 22uF         C1        
| 1N4148       D1        
| 1N4001       D2        
| LED          D3        
| DB25         J1        
| C24H         J2        
| BREAKER      JP1       
| BREAKER      JP2       
| BREAKER      JP3       
| BREAKER      JP4       
| DC_JACK      K1        
| 560R         R2        
| 10k          R1        
| 10k          R3        
| 10k          R4        
| 10k          R5        
| 10k          R6        
| 10k          R7        
| 10k          R8        
| 10k          R9        
| 10k          R10       
| 10k          R11       
| Coded_Switch SW1       
| 7805         U5        
| 27512        U2        
| 74LS11       U1        
| 74LS06       U3        
| 74LS273      U4        
#Ende der Komponente

#Ende der Liste
